
> courtlty-nextjs@0.1.0 build E:\web-projects\web-mobile-work-apps\courtlty-nextjs
> next build

▲ Next.js 16.1.1 (Turbopack)
- Environments: .env.local

  Creating an optimized production build ...

> Build error occurred
Error: Turbopack build failed with 1 errors:
./src/lib/supabase/server.ts:2:1
Ecmascript file had an error
[0m [90m 1 |[39m [36mimport[39m { createServerClient } [36mfrom[39m [32m"@supabase/ssr"[39m[33m;[39m
[31m[1m>[22m[39m[90m 2 |[39m [36mimport[39m { cookies } [36mfrom[39m [32m"next/headers"[39m[33m;[39m
 [90m   |[39m [31m[1m^[22m[39m[31m[1m^[22m[39m[31m[1m^[22m[39m[31m[1m^[22m[39m[31m[1m^[22m[39m[31m[1m^[22m[39m[31m[1m^[22m[39m[31m[1m^[22m[39m[31m[1m^[22m[39m[31m[1m^[22m[39m[31m[1m^[22m[39m[31m[1m^[22m[39m[31m[1m^[22m[39m[31m[1m^[22m[39m[31m[1m^[22m[39m[31m[1m^[22m[39m[31m[1m^[22m[39m[31m[1m^[22m[39m[31m[1m^[22m[39m[31m[1m^[22m[39m[31m[1m^[22m[39m[31m[1m^[22m[39m[31m[1m^[22m[39m[31m[1m^[22m[39m[31m[1m^[22m[39m[31m[1m^[22m[39m[31m[1m^[22m[39m[31m[1m^[22m[39m[31m[1m^[22m[39m[31m[1m^[22m[39m[31m[1m^[22m[39m[31m[1m^[22m[39m[31m[1m^[22m[39m[31m[1m^[22m[39m[31m[1m^[22m[39m[31m[1m^[22m[39m[31m[1m^[22m[39m[31m[1m^[22m[39m[31m[1m^[22m[39m
 [90m 3 |[39m
 [90m 4 |[39m [36mexport[39m [36masync[39m [36mfunction[39m createClient() {
 [90m 5 |[39m   [36mconst[39m cookieStore [33m=[39m [36mawait[39m cookies()[33m;[39m[0m

You're importing a component that needs "next/headers". That only works in a Server Component which is not supported in the pages/ directory. Read more: https://nextjs.org/docs/app/building-your-application/rendering/server-components



Import traces:
  App Route:
    ./src/lib/supabase/server.ts
    ./src/app/api/courts/route.ts

  Server Component:
    ./src/lib/supabase/server.ts
    ./src/app/admin/dashboard/page.tsx

  Client Component Browser:
    ./src/lib/supabase/server.ts [Client Component Browser]
    ./src/lib/utils/business-logic.ts [Client Component Browser]
    ./src/components/teams/team-creation-form.tsx [Client Component Browser]
    ./src/components/teams/team-creation-form.tsx [Server Component]
    ./src/app/teams/create/page.tsx [Server Component]

  Client Component SSR:
    ./src/lib/supabase/server.ts [Client Component SSR]
    ./src/lib/utils/business-logic.ts [Client Component SSR]
    ./src/components/teams/team-creation-form.tsx [Client Component SSR]
    ./src/components/teams/team-creation-form.tsx [Server Component]
    ./src/app/teams/create/page.tsx [Server Component]


    at <unknown> (./src/lib/supabase/server.ts:2:1)
 ELIFECYCLE  Command failed with exit code 1.
