
> courtlty-nextjs@0.1.0 build E:\web-projects\web-mobile-work-apps\courtlty-nextjs
> next build

▲ Next.js 16.1.1 (Turbopack)
- Environments: .env.local

  Creating an optimized production build ...
✓ Compiled successfully in 1902.1ms
  Running TypeScript ...
Failed to compile.

./src/components/teams/team-creation-form.tsx:31:5
Type error: Type 'Resolver<{ name: string; sport: string; max_players: number; description?: string | undefined; looking_for_players?: boolean | undefined; players_needed?: number | undefined; }, any, { name: string; ... 4 more ...; description?: string | undefined; }>' is not assignable to type 'Resolver<{ name: string; sport: string; max_players: number; looking_for_players: boolean; players_needed: number; description?: string | undefined; }, any, { name: string; sport: string; max_players: number; looking_for_players: boolean; players_needed: number; description?: string | undefined; }>'.
  Types of parameters 'options' and 'options' are incompatible.
    Type 'ResolverOptions<{ name: string; sport: string; max_players: number; looking_for_players: boolean; players_needed: number; description?: string | undefined; }>' is not assignable to type 'ResolverOptions<{ name: string; sport: string; max_players: number; description?: string | undefined; looking_for_players?: boolean | undefined; players_needed?: number | undefined; }>'.
      Type 'boolean | undefined' is not assignable to type 'boolean'.
        Type 'undefined' is not assignable to type 'boolean'.

[0m [90m 29 |[39m     watch[33m,[39m
 [90m 30 |[39m   } [33m=[39m useForm[33m<[39m[33mTeamFormData[39m[33m>[39m({
[31m[1m>[22m[39m[90m 31 |[39m     resolver[33m:[39m zodResolver(teamSchema)[33m,[39m
 [90m    |[39m     [31m[1m^[22m[39m
 [90m 32 |[39m     defaultValues[33m:[39m {
 [90m 33 |[39m       looking_for_players[33m:[39m [36mfalse[39m[33m,[39m
 [90m 34 |[39m       players_needed[33m:[39m [35m0[39m[33m,[39m[0m
Next.js build worker exited with code: 1 and signal: null
 ELIFECYCLE  Command failed with exit code 1.
