
> courtlty-nextjs@0.1.0 build E:\web-projects\web-mobile-work-apps\courtlty-nextjs
> next build

▲ Next.js 16.1.1 (Turbopack)
- Environments: .env.local

  Creating an optimized production build ...
✓ Compiled successfully in 1885.3ms
  Running TypeScript ...
Failed to compile.

./src/app/login/page.tsx:52:55
Type error: Argument of type '{ [x: string]: string; token: string; type: "email" | "sms"; }' is not assignable to parameter of type 'VerifyOtpParams'.
  Property 'email' is missing in type '{ [x: string]: string; token: string; type: "email" | "sms"; }' but required in type 'VerifyEmailOtpParams'.

[0m [90m 50 |[39m
 [90m 51 |[39m     [36mtry[39m {
[31m[1m>[22m[39m[90m 52 |[39m       [36mconst[39m { error } [33m=[39m [36mawait[39m supabase[33m.[39mauth[33m.[39mverifyOtp({
 [90m    |[39m                                                       [31m[1m^[22m[39m
 [90m 53 |[39m         [method][33m:[39m method [33m===[39m [32m"email"[39m [33m?[39m email [33m:[39m phone[33m,[39m
 [90m 54 |[39m         token[33m:[39m otp[33m,[39m
 [90m 55 |[39m         type[33m:[39m method [33m===[39m [32m"email"[39m [33m?[39m [32m"email"[39m [33m:[39m [32m"sms"[39m[33m,[39m[0m
Next.js build worker exited with code: 1 and signal: null
 ELIFECYCLE  Command failed with exit code 1.
